C:\Program Files (x86)\Microsoft Visual Studio\2019\Community\MSBuild\Microsoft\VC\v160\Microsoft.CppCommon.targets(39,5): warning MSB4211: Die Eigenschaft "IntermediateOutputPath" wird zum ersten Mal auf einen Wert festgelegt, doch dieser wurde bereits in "C:\Program Files (x86)\Microsoft Visual Studio\2019\Community\MSBuild\Microsoft\VC\v160\Microsoft.CppCommon.targets (38,5)" verwendet.
C:\Program Files (x86)\Microsoft Visual Studio\2019\Community\MSBuild\Microsoft\VC\v160\Microsoft.BuildSteps.Targets(29,5): warning MSB4211: Die Eigenschaft "DebugType" wird zum ersten Mal auf einen Wert festgelegt, doch dieser wurde bereits in "C:\Program Files (x86)\Microsoft Visual Studio\2019\Community\MSBuild\Microsoft\VC\v160\Microsoft.BuildSteps.Targets (28,5)" verwendet.
C:\Program Files (x86)\Microsoft Visual Studio\2019\Community\MSBuild\Current\Bin\Microsoft.Common.CurrentVersion.targets(370,5): warning MSB4211: Die Eigenschaft "CleanFile" wird zum ersten Mal auf einen Wert festgelegt, doch dieser wurde bereits in "C:\Program Files (x86)\Microsoft Visual Studio\2019\Community\MSBuild\Microsoft\VC\v160\Microsoft.CppCommon.targets (38,5)" verwendet.
  usenglish.c
  us_aswd.c
G:\Work Projects\Perforce\Nexus_ThirdParty\flite\lang\usenglish\us_aswd.c(1538,30): warning C4267: "=": Konvertierung von "size_t" nach "int", Datenverlust möglich
  us_durz_cart.c
  us_dur_stats.c
G:\Work Projects\Perforce\Nexus_ThirdParty\flite\lang\usenglish\us_dur_stats.c(41,56): warning C4305: "Initialisierung": Verkürzung von "double" in "float"
G:\Work Projects\Perforce\Nexus_ThirdParty\flite\lang\usenglish\us_dur_stats.c(42,64): warning C4305: "Initialisierung": Verkürzung von "double" in "float"
G:\Work Projects\Perforce\Nexus_ThirdParty\flite\lang\usenglish\us_dur_stats.c(43,64): warning C4305: "Initialisierung": Verkürzung von "double" in "float"
G:\Work Projects\Perforce\Nexus_ThirdParty\flite\lang\usenglish\us_dur_stats.c(44,64): warning C4305: "Initialisierung": Verkürzung von "double" in "float"
G:\Work Projects\Perforce\Nexus_ThirdParty\flite\lang\usenglish\us_dur_stats.c(45,64): warning C4305: "Initialisierung": Verkürzung von "double" in "float"
G:\Work Projects\Perforce\Nexus_ThirdParty\flite\lang\usenglish\us_dur_stats.c(46,64): warning C4305: "Initialisierung": Verkürzung von "double" in "float"
G:\Work Projects\Perforce\Nexus_ThirdParty\flite\lang\usenglish\us_dur_stats.c(47,64): warning C4305: "Initialisierung": Verkürzung von "double" in "float"
G:\Work Projects\Perforce\Nexus_ThirdParty\flite\lang\usenglish\us_dur_stats.c(48,62): warning C4305: "Initialisierung": Verkürzung von "double" in "float"
G:\Work Projects\Perforce\Nexus_ThirdParty\flite\lang\usenglish\us_dur_stats.c(49,64): warning C4305: "Initialisierung": Verkürzung von "double" in "float"
G:\Work Projects\Perforce\Nexus_ThirdParty\flite\lang\usenglish\us_dur_stats.c(50,64): warning C4305: "Initialisierung": Verkürzung von "double" in "float"
G:\Work Projects\Perforce\Nexus_ThirdParty\flite\lang\usenglish\us_dur_stats.c(51,62): warning C4305: "Initialisierung": Verkürzung von "double" in "float"
G:\Work Projects\Perforce\Nexus_ThirdParty\flite\lang\usenglish\us_dur_stats.c(52,64): warning C4305: "Initialisierung": Verkürzung von "double" in "float"
G:\Work Projects\Perforce\Nexus_ThirdParty\flite\lang\usenglish\us_dur_stats.c(53,62): warning C4305: "Initialisierung": Verkürzung von "double" in "float"
G:\Work Projects\Perforce\Nexus_ThirdParty\flite\lang\usenglish\us_dur_stats.c(54,62): warning C4305: "Initialisierung": Verkürzung von "double" in "float"
G:\Work Projects\Perforce\Nexus_ThirdParty\flite\lang\usenglish\us_dur_stats.c(55,64): warning C4305: "Initialisierung": Verkürzung von "double" in "float"
G:\Work Projects\Perforce\Nexus_ThirdParty\flite\lang\usenglish\us_dur_stats.c(56,64): warning C4305: "Initialisierung": Verkürzung von "double" in "float"
G:\Work Projects\Perforce\Nexus_ThirdParty\flite\lang\usenglish\us_dur_stats.c(57,64): warning C4305: "Initialisierung": Verkürzung von "double" in "float"
G:\Work Projects\Perforce\Nexus_ThirdParty\flite\lang\usenglish\us_dur_stats.c(58,64): warning C4305: "Initialisierung": Verkürzung von "double" in "float"
G:\Work Projects\Perforce\Nexus_ThirdParty\flite\lang\usenglish\us_dur_stats.c(59,61): warning C4305: "Initialisierung": Verkürzung von "double" in "float"
G:\Work Projects\Perforce\Nexus_ThirdParty\flite\lang\usenglish\us_dur_stats.c(60,64): warning C4305: "Initialisierung": Verkürzung von "double" in "float"
G:\Work Projects\Perforce\Nexus_ThirdParty\flite\lang\usenglish\us_dur_stats.c(61,62): warning C4305: "Initialisierung": Verkürzung von "double" in "float"
G:\Work Projects\Perforce\Nexus_ThirdParty\flite\lang\usenglish\us_dur_stats.c(62,62): warning C4305: "Initialisierung": Verkürzung von "double" in "float"
G:\Work Projects\Perforce\Nexus_ThirdParty\flite\lang\usenglish\us_dur_stats.c(63,64): warning C4305: "Initialisierung": Verkürzung von "double" in "float"
G:\Work Projects\Perforce\Nexus_ThirdParty\flite\lang\usenglish\us_dur_stats.c(64,64): warning C4305: "Initialisierung": Verkürzung von "double" in "float"
G:\Work Projects\Perforce\Nexus_ThirdParty\flite\lang\usenglish\us_dur_stats.c(65,62): warning C4305: "Initialisierung": Verkürzung von "double" in "float"
G:\Work Projects\Perforce\Nexus_ThirdParty\flite\lang\usenglish\us_dur_stats.c(66,62): warning C4305: "Initialisierung": Verkürzung von "double" in "float"
G:\Work Projects\Perforce\Nexus_ThirdParty\flite\lang\usenglish\us_dur_stats.c(67,64): warning C4305: "Initialisierung": Verkürzung von "double" in "float"
G:\Work Projects\Perforce\Nexus_ThirdParty\flite\lang\usenglish\us_dur_stats.c(68,61): warning C4305: "Initialisierung": Verkürzung von "double" in "float"
G:\Work Projects\Perforce\Nexus_ThirdParty\flite\lang\usenglish\us_dur_stats.c(69,62): warning C4305: "Initialisierung": Verkürzung von "double" in "float"
G:\Work Projects\Perforce\Nexus_ThirdParty\flite\lang\usenglish\us_dur_stats.c(70,61): warning C4305: "Initialisierung": Verkürzung von "double" in "float"
G:\Work Projects\Perforce\Nexus_ThirdParty\flite\lang\usenglish\us_dur_stats.c(71,62): warning C4305: "Initialisierung": Verkürzung von "double" in "float"
G:\Work Projects\Perforce\Nexus_ThirdParty\flite\lang\usenglish\us_dur_stats.c(72,64): warning C4305: "Initialisierung": Verkürzung von "double" in "float"
G:\Work Projects\Perforce\Nexus_ThirdParty\flite\lang\usenglish\us_dur_stats.c(73,62): warning C4305: "Initialisierung": Verkürzung von "double" in "float"
G:\Work Projects\Perforce\Nexus_ThirdParty\flite\lang\usenglish\us_dur_stats.c(74,63): warning C4305: "Initialisierung": Verkürzung von "double" in "float"
G:\Work Projects\Perforce\Nexus_ThirdParty\flite\lang\usenglish\us_dur_stats.c(75,62): warning C4305: "Initialisierung": Verkürzung von "double" in "float"
G:\Work Projects\Perforce\Nexus_ThirdParty\flite\lang\usenglish\us_dur_stats.c(76,62): warning C4305: "Initialisierung": Verkürzung von "double" in "float"
G:\Work Projects\Perforce\Nexus_ThirdParty\flite\lang\usenglish\us_dur_stats.c(77,64): warning C4305: "Initialisierung": Verkürzung von "double" in "float"
G:\Work Projects\Perforce\Nexus_ThirdParty\flite\lang\usenglish\us_dur_stats.c(78,64): warning C4305: "Initialisierung": Verkürzung von "double" in "float"
G:\Work Projects\Perforce\Nexus_ThirdParty\flite\lang\usenglish\us_dur_stats.c(79,62): warning C4305: "Initialisierung": Verkürzung von "double" in "float"
G:\Work Projects\Perforce\Nexus_ThirdParty\flite\lang\usenglish\us_dur_stats.c(80,64): warning C4305: "Initialisierung": Verkürzung von "double" in "float"
G:\Work Projects\Perforce\Nexus_ThirdParty\flite\lang\usenglish\us_dur_stats.c(81,64): warning C4305: "Initialisierung": Verkürzung von "double" in "float"
  us_expand.c
G:\Work Projects\Perforce\Nexus_ThirdParty\flite\lang\usenglish\us_expand.c(121,1): warning C4267: "Initialisierung": Konvertierung von "size_t" nach "int", Datenverlust möglich
  us_f0lr.c
G:\Work Projects\Perforce\Nexus_ThirdParty\flite\lang\usenglish\us_f0lr.c(49,1): warning C4305: "Initialisierung": Verkürzung von "double" in "const float"
G:\Work Projects\Perforce\Nexus_ThirdParty\flite\lang\usenglish\us_f0lr.c(50,1): warning C4305: "Initialisierung": Verkürzung von "double" in "const float"
G:\Work Projects\Perforce\Nexus_ThirdParty\flite\lang\usenglish\us_f0lr.c(51,1): warning C4305: "Initialisierung": Verkürzung von "double" in "const float"
G:\Work Projects\Perforce\Nexus_ThirdParty\flite\lang\usenglish\us_f0lr.c(52,1): warning C4305: "Initialisierung": Verkürzung von "double" in "const float"
G:\Work Projects\Perforce\Nexus_ThirdParty\flite\lang\usenglish\us_f0lr.c(53,1): warning C4305: "Initialisierung": Verkürzung von "double" in "const float"
G:\Work Projects\Perforce\Nexus_ThirdParty\flite\lang\usenglish\us_f0lr.c(54,1): warning C4305: "Initialisierung": Verkürzung von "double" in "const float"
G:\Work Projects\Perforce\Nexus_ThirdParty\flite\lang\usenglish\us_f0lr.c(55,1): warning C4305: "Initialisierung": Verkürzung von "double" in "const float"
G:\Work Projects\Perforce\Nexus_ThirdParty\flite\lang\usenglish\us_f0lr.c(56,1): warning C4305: "Initialisierung": Verkürzung von "double" in "const float"
G:\Work Projects\Perforce\Nexus_ThirdParty\flite\lang\usenglish\us_f0lr.c(57,1): warning C4305: "Initialisierung": Verkürzung von "double" in "const float"
G:\Work Projects\Perforce\Nexus_ThirdParty\flite\lang\usenglish\us_f0lr.c(58,1): warning C4305: "Initialisierung": Verkürzung von "double" in "const float"
G:\Work Projects\Perforce\Nexus_ThirdParty\flite\lang\usenglish\us_f0lr.c(59,1): warning C4305: "Initialisierung": Verkürzung von "double" in "const float"
G:\Work Projects\Perforce\Nexus_ThirdParty\flite\lang\usenglish\us_f0lr.c(60,1): warning C4305: "Initialisierung": Verkürzung von "double" in "const float"
G:\Work Projects\Perforce\Nexus_ThirdParty\flite\lang\usenglish\us_f0lr.c(61,1): warning C4305: "Initialisierung": Verkürzung von "double" in "const float"
G:\Work Projects\Perforce\Nexus_ThirdParty\flite\lang\usenglish\us_f0lr.c(62,1): warning C4305: "Initialisierung": Verkürzung von "double" in "const float"
G:\Work Projects\Perforce\Nexus_ThirdParty\flite\lang\usenglish\us_f0lr.c(63,1): warning C4305: "Initialisierung": Verkürzung von "double" in "const float"
G:\Work Projects\Perforce\Nexus_ThirdParty\flite\lang\usenglish\us_f0lr.c(64,1): warning C4305: "Initialisierung": Verkürzung von "double" in "const float"
G:\Work Projects\Perforce\Nexus_ThirdParty\flite\lang\usenglish\us_f0lr.c(65,1): warning C4305: "Initialisierung": Verkürzung von "double" in "const float"
G:\Work Projects\Perforce\Nexus_ThirdParty\flite\lang\usenglish\us_f0lr.c(66,1): warning C4305: "Initialisierung": Verkürzung von "double" in "const float"
G:\Work Projects\Perforce\Nexus_ThirdParty\flite\lang\usenglish\us_f0lr.c(67,1): warning C4305: "Initialisierung": Verkürzung von "double" in "const float"
G:\Work Projects\Perforce\Nexus_ThirdParty\flite\lang\usenglish\us_f0lr.c(68,1): warning C4305: "Initialisierung": Verkürzung von "double" in "const float"
G:\Work Projects\Perforce\Nexus_ThirdParty\flite\lang\usenglish\us_f0lr.c(69,1): warning C4305: "Initialisierung": Verkürzung von "double" in "const float"
G:\Work Projects\Perforce\Nexus_ThirdParty\flite\lang\usenglish\us_f0lr.c(70,1): warning C4305: "Initialisierung": Verkürzung von "double" in "const float"
G:\Work Projects\Perforce\Nexus_ThirdParty\flite\lang\usenglish\us_f0lr.c(71,1): warning C4305: "Initialisierung": Verkürzung von "double" in "const float"
G:\Work Projects\Perforce\Nexus_ThirdParty\flite\lang\usenglish\us_f0lr.c(72,1): warning C4305: "Initialisierung": Verkürzung von "double" in "const float"
G:\Work Projects\Perforce\Nexus_ThirdParty\flite\lang\usenglish\us_f0lr.c(73,1): warning C4305: "Initialisierung": Verkürzung von "double" in "const float"
G:\Work Projects\Perforce\Nexus_ThirdParty\flite\lang\usenglish\us_f0lr.c(74,1): warning C4305: "Initialisierung": Verkürzung von "double" in "const float"
G:\Work Projects\Perforce\Nexus_ThirdParty\flite\lang\usenglish\us_f0lr.c(75,1): warning C4305: "Initialisierung": Verkürzung von "double" in "const float"
G:\Work Projects\Perforce\Nexus_ThirdParty\flite\lang\usenglish\us_f0lr.c(76,1): warning C4305: "Initialisierung": Verkürzung von "double" in "const float"
G:\Work Projects\Perforce\Nexus_ThirdParty\flite\lang\usenglish\us_f0lr.c(77,1): warning C4305: "Initialisierung": Verkürzung von "double" in "const float"
G:\Work Projects\Perforce\Nexus_ThirdParty\flite\lang\usenglish\us_f0lr.c(78,1): warning C4305: "Initialisierung": Verkürzung von "double" in "const float"
G:\Work Projects\Perforce\Nexus_ThirdParty\flite\lang\usenglish\us_f0lr.c(79,1): warning C4305: "Initialisierung": Verkürzung von "double" in "const float"
G:\Work Projects\Perforce\Nexus_ThirdParty\flite\lang\usenglish\us_f0lr.c(80,1): warning C4305: "Initialisierung": Verkürzung von "double" in "const float"
G:\Work Projects\Perforce\Nexus_ThirdParty\flite\lang\usenglish\us_f0lr.c(81,1): warning C4305: "Initialisierung": Verkürzung von "double" in "const float"
G:\Work Projects\Perforce\Nexus_ThirdParty\flite\lang\usenglish\us_f0lr.c(82,1): warning C4305: "Initialisierung": Verkürzung von "double" in "const float"
G:\Work Projects\Perforce\Nexus_ThirdParty\flite\lang\usenglish\us_f0lr.c(83,1): warning C4305: "Initialisierung": Verkürzung von "double" in "const float"
G:\Work Projects\Perforce\Nexus_ThirdParty\flite\lang\usenglish\us_f0lr.c(84,1): warning C4305: "Initialisierung": Verkürzung von "double" in "const float"
G:\Work Projects\Perforce\Nexus_ThirdParty\flite\lang\usenglish\us_f0lr.c(85,1): warning C4305: "Initialisierung": Verkürzung von "double" in "const float"
G:\Work Projects\Perforce\Nexus_ThirdParty\flite\lang\usenglish\us_f0lr.c(86,1): warning C4305: "Initialisierung": Verkürzung von "double" in "const float"
G:\Work Projects\Perforce\Nexus_ThirdParty\flite\lang\usenglish\us_f0lr.c(87,1): warning C4305: "Initialisierung": Verkürzung von "double" in "const float"
G:\Work Projects\Perforce\Nexus_ThirdParty\flite\lang\usenglish\us_f0lr.c(88,1): warning C4305: "Initialisierung": Verkürzung von "double" in "const float"
G:\Work Projects\Perforce\Nexus_ThirdParty\flite\lang\usenglish\us_f0lr.c(89,1): warning C4305: "Initialisierung": Verkürzung von "double" in "const float"
G:\Work Projects\Perforce\Nexus_ThirdParty\flite\lang\usenglish\us_f0lr.c(90,1): warning C4305: "Initialisierung": Verkürzung von "double" in "const float"
G:\Work Projects\Perforce\Nexus_ThirdParty\flite\lang\usenglish\us_f0lr.c(91,1): warning C4305: "Initialisierung": Verkürzung von "double" in "const float"
G:\Work Projects\Perforce\Nexus_ThirdParty\flite\lang\usenglish\us_f0lr.c(92,1): warning C4305: "Initialisierung": Verkürzung von "double" in "const float"
G:\Work Projects\Perforce\Nexus_ThirdParty\flite\lang\usenglish\us_f0lr.c(93,1): warning C4305: "Initialisierung": Verkürzung von "double" in "const float"
G:\Work Projects\Perforce\Nexus_ThirdParty\flite\lang\usenglish\us_f0lr.c(94,1): warning C4305: "Initialisierung": Verkürzung von "double" in "const float"
G:\Work Projects\Perforce\Nexus_ThirdParty\flite\lang\usenglish\us_f0lr.c(95,1): warning C4305: "Initialisierung": Verkürzung von "double" in "const float"
G:\Work Projects\Perforce\Nexus_ThirdParty\flite\lang\usenglish\us_f0lr.c(96,1): warning C4305: "Initialisierung": Verkürzung von "double" in "const float"
G:\Work Projects\Perforce\Nexus_ThirdParty\flite\lang\usenglish\us_f0lr.c(97,1): warning C4305: "Initialisierung": Verkürzung von "double" in "const float"
G:\Work Projects\Perforce\Nexus_ThirdParty\flite\lang\usenglish\us_f0lr.c(98,1): warning C4305: "Initialisierung": Verkürzung von "double" in "const float"
G:\Work Projects\Perforce\Nexus_ThirdParty\flite\lang\usenglish\us_f0lr.c(99,1): warning C4305: "Initialisierung": Verkürzung von "double" in "const float"
G:\Work Projects\Perforce\Nexus_ThirdParty\flite\lang\usenglish\us_f0lr.c(100,1): warning C4305: "Initialisierung": Verkürzung von "double" in "const float"
G:\Work Projects\Perforce\Nexus_ThirdParty\flite\lang\usenglish\us_f0lr.c(101,1): warning C4305: "Initialisierung": Verkürzung von "double" in "const float"
G:\Work Projects\Perforce\Nexus_ThirdParty\flite\lang\usenglish\us_f0lr.c(102,1): warning C4305: "Initialisierung": Verkürzung von "double" in "const float"
G:\Work Projects\Perforce\Nexus_ThirdParty\flite\lang\usenglish\us_f0lr.c(103,1): warning C4305: "Initialisierung": Verkürzung von "double" in "const float"
  us_f0_model.c
G:\Work Projects\Perforce\Nexus_ThirdParty\flite\lang\usenglish\us_f0_model.c(139,47): warning C4244: "return": Konvertierung von "double" in "float", möglicher Datenverlust
G:\Work Projects\Perforce\Nexus_ThirdParty\flite\lang\usenglish\us_f0_model.c(149,47): warning C4244: "return": Konvertierung von "double" in "float", möglicher Datenverlust
G:\Work Projects\Perforce\Nexus_ThirdParty\flite\lang\usenglish\us_f0_model.c(193,50): warning C4244: "=": Konvertierung von "double" in "float", möglicher Datenverlust
G:\Work Projects\Perforce\Nexus_ThirdParty\flite\lang\usenglish\us_f0_model.c(197,53): warning C4244: "Funktion": Konvertierung von "double" in "float", möglicher Datenverlust
G:\Work Projects\Perforce\Nexus_ThirdParty\flite\lang\usenglish\us_f0_model.c(200,40): warning C4244: "Funktion": Konvertierung von "double" in "float", möglicher Datenverlust
G:\Work Projects\Perforce\Nexus_ThirdParty\flite\lang\usenglish\us_f0_model.c(201,44): warning C4244: "=": Konvertierung von "double" in "float", möglicher Datenverlust
G:\Work Projects\Perforce\Nexus_ThirdParty\flite\lang\usenglish\us_f0_model.c(205,44): warning C4244: "Funktion": Konvertierung von "double" in "float", möglicher Datenverlust
  us_ffeatures.c
G:\Work Projects\Perforce\Nexus_ThirdParty\flite\lang\usenglish\us_ffeatures.c(83,38): warning C4267: "Funktion": Konvertierung von "size_t" nach "int", Datenverlust möglich
G:\Work Projects\Perforce\Nexus_ThirdParty\flite\lang\usenglish\us_ffeatures.c(103,25): warning C4133: "=": Inkompatible Typen - von "const cst_val_void *" zu "const cst_val *"
G:\Work Projects\Perforce\Nexus_ThirdParty\flite\lang\usenglish\us_ffeatures.c(106,24): warning C4133: "=": Inkompatible Typen - von "const cst_val_void *" zu "const cst_val *"
G:\Work Projects\Perforce\Nexus_ThirdParty\flite\lang\usenglish\us_ffeatures.c(131,23): warning C4133: "=": Inkompatible Typen - von "const cst_val_void *" zu "const cst_val *"
G:\Work Projects\Perforce\Nexus_ThirdParty\flite\lang\usenglish\us_ffeatures.c(148,21): warning C4133: "=": Inkompatible Typen - von "const cst_val_void *" zu "const cst_val *"
G:\Work Projects\Perforce\Nexus_ThirdParty\flite\lang\usenglish\us_ffeatures.c(151,20): warning C4133: "=": Inkompatible Typen - von "const cst_val_void *" zu "const cst_val *"
G:\Work Projects\Perforce\Nexus_ThirdParty\flite\lang\usenglish\us_ffeatures.c(153,25): warning C4133: "=": Inkompatible Typen - von "const cst_val_void *" zu "const cst_val *"
G:\Work Projects\Perforce\Nexus_ThirdParty\flite\lang\usenglish\us_ffeatures.c(155,21): warning C4133: "=": Inkompatible Typen - von "const cst_val_void *" zu "const cst_val *"
G:\Work Projects\Perforce\Nexus_ThirdParty\flite\lang\usenglish\us_ffeatures.c(157,24): warning C4133: "=": Inkompatible Typen - von "const cst_val_void *" zu "const cst_val *"
  us_gpos.c
  us_int_accent_cart.c
  us_int_tone_cart.c
  us_nums_cart.c
  us_phoneset.c
  us_phrasing_cart.c
  us_pos_cart.c
  us_text.c
G:\Work Projects\Perforce\Nexus_ThirdParty\flite\lang\usenglish\us_text.c(421,53): warning C4267: "Funktion": Konvertierung von "size_t" nach "int", Datenverlust möglich
G:\Work Projects\Perforce\Nexus_ThirdParty\flite\lang\usenglish\us_text.c(718,12): warning C4996: 'strcpy': This function or variable may be unsafe. Consider using strcpy_s instead. To disable deprecation, use _CRT_SECURE_NO_WARNINGS. See online help for details.
G:\Work Projects\Perforce\Nexus_ThirdParty\flite\lang\usenglish\us_text.c(777,34): warning C4267: "=": Konvertierung von "size_t" nach "int", Datenverlust möglich
  Code wird generiert...
  libflite-usenglish.vcxproj -> G:\Work Projects\Perforce\Nexus_ThirdParty\flite\windows\x64\Release\libflite-usenglish.lib
